-------------------------------------------------------------------------------
Test set: com.aazizova.springboottesttask.controller.ControllerTest
-------------------------------------------------------------------------------
Tests run: 3, Failures: 1, Errors: 0, Skipped: 0, Time elapsed: 24.07 s <<< FAILURE! - in com.aazizova.springboottesttask.controller.ControllerTest
givenNoToken_whenGetSecureRequest_thenUnauthorized(com.aazizova.springboottesttask.controller.ControllerTest)  Time elapsed: 0.771 s  <<< FAILURE!
java.lang.AssertionError: Redirected URL expected:<http://localhost/login> but was:<null>
	at com.aazizova.springboottesttask.controller.ControllerTest.givenNoToken_whenGetSecureRequest_thenUnauthorized(ControllerTest.java:50)

