<?xml version="1.0" encoding="UTF-8"?>
<testsuite xmlns:xsi="http://www.w3.org/2001/XMLSchema-instance" xsi:noNamespaceSchemaLocation="https://maven.apache.org/surefire/maven-surefire-plugin/xsd/surefire-test-report.xsd" name="com.aazizova.springboottesttask.controller.ControllerTest" time="24.07" tests="3" errors="0" skipped="0" failures="1">
  <properties>
[...]
</properties>
  <testcase name="givenNoToken_whenGetSecureRequest_thenUnauthorized" classname="com.aazizova.springboottesttask.controller.ControllerTest" time="0.771">
    <failure message="Redirected URL expected:&lt;http://localhost/login&gt; but was:&lt;null&gt;" type="java.lang.AssertionError"><![CDATA[java.lang.AssertionError: Redirected URL expected:<http://localhost/login> but was:<null>
	at com.aazizova.springboottesttask.controller.ControllerTest.givenNoToken_whenGetSecureRequest_thenUnauthorized(ControllerTest.java:50)
]]></failure>
    <system-out><![CDATA[13:13:49.823 [main] DEBUG org.springframework.test.context.junit4.SpringJUnit4ClassRunner - SpringJUnit4ClassRunner constructor called with [class com.aazizova.springboottesttask.controller.ControllerTest]
13:13:49.833 [main] DEBUG org.springframework.test.context.BootstrapUtils - Instantiating CacheAwareContextLoaderDelegate from class [org.springframework.test.context.cache.DefaultCacheAwareContextLoaderDelegate]
13:13:49.857 [main] DEBUG org.springframework.test.context.BootstrapUtils - Instantiating BootstrapContext using constructor [public org.springframework.test.context.support.DefaultBootstrapContext(java.lang.Class,org.springframework.test.context.CacheAwareContextLoaderDelegate)]
13:13:49.919 [main] DEBUG org.springframework.test.context.BootstrapUtils - Instantiating TestContextBootstrapper for test class [com.aazizova.springboottesttask.controller.ControllerTest] from class [org.springframework.boot.test.context.SpringBootTestContextBootstrapper]
13:13:49.947 [main] INFO org.springframework.boot.test.context.SpringBootTestContextBootstrapper - Neither @ContextConfiguration nor @ContextHierarchy found for test class [com.aazizova.springboottesttask.controller.ControllerTest], using SpringBootContextLoader
13:13:49.954 [main] DEBUG org.springframework.test.context.support.AbstractContextLoader - Did not detect default resource location for test class [com.aazizova.springboottesttask.controller.ControllerTest]: class path resource [com/aazizova/springboottesttask/controller/ControllerTest-context.xml] does not exist
13:13:49.954 [main] DEBUG org.springframework.test.context.support.AbstractContextLoader - Did not detect default resource location for test class [com.aazizova.springboottesttask.controller.ControllerTest]: class path resource [com/aazizova/springboottesttask/controller/ControllerTestContext.groovy] does not exist
13:13:49.955 [main] INFO org.springframework.test.context.support.AbstractContextLoader - Could not detect default resource locations for test class [com.aazizova.springboottesttask.controller.ControllerTest]: no resource found for suffixes {-context.xml, Context.groovy}.
13:13:49.956 [main] INFO org.springframework.test.context.support.AnnotationConfigContextLoaderUtils - Could not detect default configuration classes for test class [com.aazizova.springboottesttask.controller.ControllerTest]: ControllerTest does not declare any static, non-private, non-final, nested classes annotated with @Configuration.
13:13:50.093 [main] DEBUG org.springframework.test.context.support.ActiveProfilesUtils - Could not find an 'annotation declaring class' for annotation type [org.springframework.test.context.ActiveProfiles] and class [com.aazizova.springboottesttask.controller.ControllerTest]
13:13:50.264 [main] DEBUG org.springframework.context.annotation.ClassPathScanningCandidateComponentProvider - Identified candidate component class: file [C:\111\spring_boot_test_task_back\target\classes\com\aazizova\springboottesttask\Application.class]
13:13:50.265 [main] INFO org.springframework.boot.test.context.SpringBootTestContextBootstrapper - Found @SpringBootConfiguration com.aazizova.springboottesttask.Application for test class com.aazizova.springboottesttask.controller.ControllerTest
13:13:50.479 [main] DEBUG org.springframework.boot.test.context.SpringBootTestContextBootstrapper - @TestExecutionListeners is not present for class [com.aazizova.springboottesttask.controller.ControllerTest]: using defaults.
13:13:50.480 [main] INFO org.springframework.boot.test.context.SpringBootTestContextBootstrapper - Loaded default TestExecutionListener class names from location [META-INF/spring.factories]: [org.springframework.boot.test.mock.mockito.MockitoTestExecutionListener, org.springframework.boot.test.mock.mockito.ResetMocksTestExecutionListener, org.springframework.boot.test.autoconfigure.restdocs.RestDocsTestExecutionListener, org.springframework.boot.test.autoconfigure.web.client.MockRestServiceServerResetTestExecutionListener, org.springframework.boot.test.autoconfigure.web.servlet.MockMvcPrintOnlyOnFailureTestExecutionListener, org.springframework.boot.test.autoconfigure.web.servlet.WebDriverTestExecutionListener, org.springframework.test.context.web.ServletTestExecutionListener, org.springframework.test.context.support.DirtiesContextBeforeModesTestExecutionListener, org.springframework.test.context.support.DependencyInjectionTestExecutionListener, org.springframework.test.context.support.DirtiesContextTestExecutionListener, org.springframework.test.context.transaction.TransactionalTestExecutionListener, org.springframework.test.context.jdbc.SqlScriptsTestExecutionListener, org.springframework.security.test.context.support.WithSecurityContextTestExecutionListener, org.springframework.security.test.context.support.ReactorContextTestExecutionListener]
13:13:50.547 [main] INFO org.springframework.boot.test.context.SpringBootTestContextBootstrapper - Using TestExecutionListeners: [org.springframework.test.context.web.ServletTestExecutionListener@1e178745, org.springframework.test.context.support.DirtiesContextBeforeModesTestExecutionListener@192c3f1e, org.springframework.boot.test.mock.mockito.MockitoTestExecutionListener@26b3fd41, org.springframework.boot.test.autoconfigure.SpringBootDependencyInjectionTestExecutionListener@7494f96a, org.springframework.test.context.support.DirtiesContextTestExecutionListener@561b6512, org.springframework.test.context.transaction.TransactionalTestExecutionListener@2e377400, org.springframework.test.context.jdbc.SqlScriptsTestExecutionListener@1757cd72, org.springframework.security.test.context.support.WithSecurityContextTestExecutionListener@445b295b, org.springframework.security.test.context.support.ReactorContextTestExecutionListener@49e5f737, org.springframework.boot.test.mock.mockito.ResetMocksTestExecutionListener@5c671d7f, org.springframework.boot.test.autoconfigure.restdocs.RestDocsTestExecutionListener@757277dc, org.springframework.boot.test.autoconfigure.web.client.MockRestServiceServerResetTestExecutionListener@687e99d8, org.springframework.boot.test.autoconfigure.web.servlet.MockMvcPrintOnlyOnFailureTestExecutionListener@e4487af, org.springframework.boot.test.autoconfigure.web.servlet.WebDriverTestExecutionListener@6aaceffd]
13:13:50.551 [main] DEBUG org.springframework.test.annotation.ProfileValueUtils - Retrieved @ProfileValueSourceConfiguration [null] for test class [com.aazizova.springboottesttask.controller.ControllerTest]
13:13:50.552 [main] DEBUG org.springframework.test.annotation.ProfileValueUtils - Retrieved ProfileValueSource type [class org.springframework.test.annotation.SystemProfileValueSource] for class [com.aazizova.springboottesttask.controller.ControllerTest]
13:13:50.554 [main] DEBUG org.springframework.test.annotation.ProfileValueUtils - Retrieved @ProfileValueSourceConfiguration [null] for test class [com.aazizova.springboottesttask.controller.ControllerTest]
13:13:50.554 [main] DEBUG org.springframework.test.annotation.ProfileValueUtils - Retrieved ProfileValueSource type [class org.springframework.test.annotation.SystemProfileValueSource] for class [com.aazizova.springboottesttask.controller.ControllerTest]
13:13:50.557 [main] DEBUG org.springframework.test.annotation.ProfileValueUtils - Retrieved @ProfileValueSourceConfiguration [null] for test class [com.aazizova.springboottesttask.controller.ControllerTest]
13:13:50.557 [main] DEBUG org.springframework.test.annotation.ProfileValueUtils - Retrieved ProfileValueSource type [class org.springframework.test.annotation.SystemProfileValueSource] for class [com.aazizova.springboottesttask.controller.ControllerTest]
13:13:50.567 [main] DEBUG org.springframework.test.context.support.AbstractDirtiesContextTestExecutionListener - Before test class: context [DefaultTestContext@2638011 testClass = ControllerTest, testInstance = [null], testMethod = [null], testException = [null], mergedContextConfiguration = [WebMergedContextConfiguration@6ff29830 testClass = ControllerTest, locations = '{}', classes = '{class com.aazizova.springboottesttask.Application}', contextInitializerClasses = '[]', activeProfiles = '{}', propertySourceLocations = '{}', propertySourceProperties = '{org.springframework.boot.test.context.SpringBootTestContextBootstrapper=true}', contextCustomizers = set[[ImportsContextCustomizer@6a2b953e key = [org.springframework.boot.test.autoconfigure.web.servlet.MockMvcAutoConfiguration, org.springframework.boot.test.autoconfigure.web.servlet.MockMvcSecurityAutoConfiguration, org.springframework.boot.test.autoconfigure.web.servlet.MockMvcWebClientAutoConfiguration, org.springframework.boot.test.autoconfigure.web.servlet.MockMvcWebDriverAutoConfiguration]], org.springframework.boot.test.context.filter.ExcludeFilterContextCustomizer@4ba2ca36, org.springframework.boot.test.json.DuplicateJsonObjectContextCustomizerFactory$DuplicateJsonObjectContextCustomizer@6a79c292, org.springframework.boot.test.mock.mockito.MockitoContextCustomizer@0, org.springframework.boot.test.web.client.TestRestTemplateContextCustomizer@1e9e725a, org.springframework.boot.test.autoconfigure.properties.PropertyMappingContextCustomizer@e7e8512, org.springframework.boot.test.autoconfigure.web.servlet.WebDriverContextCustomizerFactory$Customizer@7364985f], resourceBasePath = 'src/main/webapp', contextLoader = 'org.springframework.boot.test.context.SpringBootContextLoader', parent = [null]], attributes = map['org.springframework.test.context.web.ServletTestExecutionListener.activateListener' -> true]], class annotated with @DirtiesContext [false] with mode [null].
13:13:50.569 [main] DEBUG org.springframework.test.annotation.ProfileValueUtils - Retrieved @ProfileValueSourceConfiguration [null] for test class [com.aazizova.springboottesttask.controller.ControllerTest]
13:13:50.569 [main] DEBUG org.springframework.test.annotation.ProfileValueUtils - Retrieved ProfileValueSource type [class org.springframework.test.annotation.SystemProfileValueSource] for class [com.aazizova.springboottesttask.controller.ControllerTest]
13:13:50.634 [main] DEBUG org.springframework.test.context.support.TestPropertySourceUtils - Adding inlined properties to environment: {spring.jmx.enabled=false, org.springframework.boot.test.context.SpringBootTestContextBootstrapper=true, server.port=-1}

  .   ____          _            __ _ _
 /\\ / ___'_ __ _ _(_)_ __  __ _ \ \ \ \
( ( )\___ | '_ | '_| | '_ \/ _` | \ \ \ \
 \\/  ___)| |_)| | | | | || (_| |  ) ) ) )
  '  |____| .__|_| |_|_| |_\__, | / / / /
 =========|_|==============|___/=/_/_/_/
 :: Spring Boot ::        (v2.1.2.RELEASE)

2019-04-29 13:13:51.408  INFO 15212 --- [           main] c.a.s.controller.ControllerTest          : Starting ControllerTest on aazizova with PID 15212 (started by aazizova in C:\111\spring_boot_test_task_back)
2019-04-29 13:13:51.409  INFO 15212 --- [           main] c.a.s.controller.ControllerTest          : The following profiles are active: dev
2019-04-29 13:13:51.443 DEBUG 15212 --- [           main] o.s.w.c.s.GenericWebApplicationContext   : Refreshing org.springframework.web.context.support.GenericWebApplicationContext@46d59067
2019-04-29 13:13:54.550  INFO 15212 --- [           main] .s.d.r.c.RepositoryConfigurationDelegate : Bootstrapping Spring Data repositories in DEFAULT mode.
2019-04-29 13:13:54.711  INFO 15212 --- [           main] .s.d.r.c.RepositoryConfigurationDelegate : Finished Spring Data repository scanning in 145ms. Found 1 repository interfaces.
2019-04-29 13:13:56.045  INFO 15212 --- [           main] trationDelegate$BeanPostProcessorChecker : Bean 'org.springframework.transaction.annotation.ProxyTransactionManagementConfiguration' of type [org.springframework.transaction.annotation.ProxyTransactionManagementConfiguration$$EnhancerBySpringCGLIB$$7ed26fa4] is not eligible for getting processed by all BeanPostProcessors (for example: not eligible for auto-proxying)
2019-04-29 13:13:56.918  INFO 15212 --- [           main] com.zaxxer.hikari.HikariDataSource       : HikariPool-1 - Starting...
2019-04-29 13:13:57.404  INFO 15212 --- [           main] com.zaxxer.hikari.HikariDataSource       : HikariPool-1 - Start completed.
2019-04-29 13:13:57.740  INFO 15212 --- [           main] o.hibernate.jpa.internal.util.LogHelper  : HHH000204: Processing PersistenceUnitInfo [
	name: default
	...]
2019-04-29 13:13:57.919  INFO 15212 --- [           main] org.hibernate.Version                    : HHH000412: Hibernate Core {5.3.7.Final}
2019-04-29 13:13:57.922  INFO 15212 --- [           main] org.hibernate.cfg.Environment            : HHH000206: hibernate.properties not found
2019-04-29 13:13:58.252  INFO 15212 --- [           main] o.hibernate.annotations.common.Version   : HCANN000001: Hibernate Commons Annotations {5.0.4.Final}
2019-04-29 13:13:59.218  INFO 15212 --- [           main] org.hibernate.dialect.Dialect            : HHH000400: Using dialect: org.hibernate.dialect.H2Dialect
Hibernate: create table products (id bigint generated by default as identity, brand varchar(255), name varchar(255), price double not null, quantity bigint not null, primary key (id))
2019-04-29 13:14:01.114  INFO 15212 --- [           main] j.LocalContainerEntityManagerFactoryBean : Initialized JPA EntityManagerFactory for persistence unit 'default'
2019-04-29 13:14:02.924  INFO 15212 --- [           main] o.h.h.i.QueryTranslatorFactoryInitiator  : HHH000397: Using ASTQueryTranslatorFactory
2019-04-29 13:14:05.576 DEBUG 15212 --- [           main] o.s.w.s.handler.SimpleUrlHandlerMapping  : Patterns [/**/favicon.ico] in 'faviconHandlerMapping'
2019-04-29 13:14:06.387  INFO 15212 --- [           main] o.s.s.concurrent.ThreadPoolTaskExecutor  : Initializing ExecutorService 'applicationTaskExecutor'
2019-04-29 13:14:06.438 DEBUG 15212 --- [           main] s.w.s.m.m.a.RequestMappingHandlerAdapter : ControllerAdvice beans: 0 @ModelAttribute, 0 @InitBinder, 1 RequestBodyAdvice, 1 ResponseBodyAdvice
2019-04-29 13:14:06.589  WARN 15212 --- [           main] aWebConfiguration$JpaWebMvcConfiguration : spring.jpa.open-in-view is enabled by default. Therefore, database queries may be performed during view rendering. Explicitly configure spring.jpa.open-in-view to disable this warning
2019-04-29 13:14:07.106 DEBUG 15212 --- [           main] s.w.s.m.m.a.RequestMappingHandlerMapping : 10 mappings in 'requestMappingHandlerMapping'
2019-04-29 13:14:07.623 DEBUG 15212 --- [           main] o.s.w.s.handler.SimpleUrlHandlerMapping  : Patterns [/webjars/**, /**] in 'resourceHandlerMapping'
2019-04-29 13:14:07.651 DEBUG 15212 --- [           main] .m.m.a.ExceptionHandlerExceptionResolver : ControllerAdvice beans: 0 @ExceptionHandler, 1 ResponseBodyAdvice
2019-04-29 13:14:07.918  WARN 15212 --- [           main] ion$DefaultTemplateResolverConfiguration : Cannot find template location: classpath:/templates/ (please add some templates or check your Thymeleaf configuration)
2019-04-29 13:14:08.135  INFO 15212 --- [           main] o.s.b.a.w.s.WelcomePageHandlerMapping    : Adding welcome page: class path resource [static/index.html]
2019-04-29 13:14:10.362  INFO 15212 --- [           main] .s.s.UserDetailsServiceAutoConfiguration : 

Using generated security password: be1728d2-b7d7-4f41-bcbf-bf0647f6e75b

2019-04-29 13:14:10.968  INFO 15212 --- [           main] o.s.s.web.DefaultSecurityFilterChain     : Creating filter chain: any request, [org.springframework.security.web.context.request.async.WebAsyncManagerIntegrationFilter@7614378d, org.springframework.security.web.context.SecurityContextPersistenceFilter@28cf179c, org.springframework.security.web.header.HeaderWriterFilter@188bf4d8, org.springframework.web.filter.CorsFilter@7028b5cc, org.springframework.security.web.authentication.logout.LogoutFilter@4af84a76, org.springframework.security.oauth2.client.filter.OAuth2ClientAuthenticationProcessingFilter@7c0ff7a0, org.springframework.security.web.savedrequest.RequestCacheAwareFilter@3149409c, org.springframework.security.web.servletapi.SecurityContextHolderAwareRequestFilter@4b5aa48b, org.springframework.security.web.authentication.AnonymousAuthenticationFilter@24c84e65, org.springframework.security.web.session.SessionManagementFilter@6528d339, org.springframework.security.web.access.ExceptionTranslationFilter@1b3bb287, org.springframework.security.web.access.intercept.FilterSecurityInterceptor@4e030feb]
2019-04-29 13:14:11.446  INFO 15212 --- [           main] o.s.b.a.e.web.EndpointLinksResolver      : Exposing 2 endpoint(s) beneath base path ''
2019-04-29 13:14:11.925  INFO 15212 --- [           main] o.s.b.t.m.w.SpringBootMockServletContext : Initializing Spring TestDispatcherServlet ''
2019-04-29 13:14:11.925  INFO 15212 --- [           main] o.s.t.web.servlet.TestDispatcherServlet  : Initializing Servlet ''
2019-04-29 13:14:11.977  INFO 15212 --- [           main] o.s.t.web.servlet.TestDispatcherServlet  : Completed initialization in 52 ms
2019-04-29 13:14:12.183  INFO 15212 --- [           main] c.a.s.controller.ControllerTest          : Started ControllerTest in 21.532 seconds (JVM running for 23.622)
2019-04-29 13:14:12.497 DEBUG 15212 --- [           main] s.w.s.m.m.a.RequestMappingHandlerMapping : Mapped to public com.google.code.siren4j.component.Entity com.aazizova.springboottesttask.controller.Controller.getProducts() throws com.google.code.siren4j.error.Siren4JException
2019-04-29 13:14:12.520  INFO 15212 --- [           main] c.a.s.controller.Controller              : Getting products
2019-04-29 13:14:12.521  INFO 15212 --- [           main] c.a.s.controller.Controller              : User has no access
2019-04-29 13:14:12.924 DEBUG 15212 --- [           main] m.m.a.RequestResponseBodyMethodProcessor : Using 'application/json', given [*/*] and supported [application/json, application/*+json, application/json, application/*+json]
2019-04-29 13:14:12.956 DEBUG 15212 --- [           main] m.m.a.RequestResponseBodyMethodProcessor : Writing [{"class":["error"],"properties":{"status":"FORBIDDEN","code":403,"message":"User has no access"}}]

MockHttpServletRequest:
      HTTP Method = GET
      Request URI = /api/products
       Parameters = {}
          Headers = []
             Body = null
    Session Attrs = {}

Handler:
             Type = com.aazizova.springboottesttask.controller.Controller
           Method = public com.google.code.siren4j.component.Entity com.aazizova.springboottesttask.controller.Controller.getProducts() throws com.google.code.siren4j.error.Siren4JException

Async:
    Async started = false
     Async result = null

Resolved Exception:
             Type = null

ModelAndView:
        View name = null
             View = null
            Model = null

FlashMap:
       Attributes = null

MockHttpServletResponse:
           Status = 200
    Error message = null
          Headers = [Content-Type:"application/json;charset=UTF-8", X-Content-Type-Options:"nosniff", X-XSS-Protection:"1; mode=block", Cache-Control:"no-cache, no-store, max-age=0, must-revalidate", Pragma:"no-cache", Expires:"0", X-Frame-Options:"DENY"]
     Content type = application/json;charset=UTF-8
             Body = {"class":["error"],"properties":{"status":"FORBIDDEN","code":403,"message":"User has no access"}}
    Forwarded URL = null
   Redirected URL = null
          Cookies = []
]]></system-out>
    <system-err><![CDATA[SLF4J: Class path contains multiple SLF4J bindings.
SLF4J: Found binding in [jar:file:/C:/Users/aazizova/.m2/repository/ch/qos/logback/logback-classic/1.2.3/logback-classic-1.2.3.jar!/org/slf4j/impl/StaticLoggerBinder.class]
SLF4J: Found binding in [jar:file:/C:/Users/aazizova/.m2/repository/org/slf4j/slf4j-log4j12/1.7.25/slf4j-log4j12-1.7.25.jar!/org/slf4j/impl/StaticLoggerBinder.class]
SLF4J: See http://www.slf4j.org/codes.html#multiple_bindings for an explanation.
SLF4J: Actual binding is of type [ch.qos.logback.classic.util.ContextSelectorStaticBinder]
]]></system-err>
  </testcase>
  <testcase name="getAllProductsTest" classname="com.aazizova.springboottesttask.controller.ControllerTest" time="0.317"/>
  <testcase name="contextLoads" classname="com.aazizova.springboottesttask.controller.ControllerTest" time="0.144"/>
</testsuite>